
///////////////////////////////////
// Efinity Synthesis Started 
// Apr 19, 2024 13:18:06
///////////////////////////////////

[EFX-0011 VERI-WARNING] port 'userInterruptA' is not connected on this instance (VERI-2435) (D:\Effinity\project\Uartecho\top.v:94)
[EFX-0011 VERI-WARNING] port 'io_apbSlave_0_PADDR' remains unconnected for this instance (VERI-1927) (D:\Effinity\project\Uartecho\top.v:94)
[EFX-0011 VERI-WARNING] net 'IBusSimplePlugin_rspJoin_fetchRsp_isRvc' does not have a driver (VDB-1002) (D:\Effinity\project\Uartecho\ip\soc\soc.v:5915)
[EFX-0011 VERI-WARNING] net 'CsrPlugin_mtvec_mode[1]' does not have a driver (VDB-1002) (D:\Effinity\project\Uartecho\ip\soc\soc.v:6004)
[EFX-0011 VERI-WARNING] system function call 'urandom' is not supported (VERI-1141) (D:\Effinity\project\Uartecho\ip\soc\soc.v:11231)
[EFX-0011 VERI-WARNING] system function call 'urandom' is not supported (VERI-1141) (D:\Effinity\project\Uartecho\ip\soc\soc.v:11232)
[EFX-0011 VERI-WARNING] system function call 'urandom' is not supported (VERI-1141) (D:\Effinity\project\Uartecho\ip\soc\soc.v:11999)
[EFX-0011 VERI-WARNING] system function call 'urandom' is not supported (VERI-1141) (D:\Effinity\project\Uartecho\ip\soc\soc.v:12000)
[EFX-0011 VERI-WARNING] input port 'jtagCtrl_update' remains unconnected for this instance (VDB-1053) (D:\Effinity\project\Uartecho\top.v:64)
[EFX-0008 WARNING] Top module not specified. 'top_soc' is used as top module for the design.
[EFX-0200 WARNING] Removing redundant signal : pushPtr_valueNext[0]. (D:\Effinity\project\Uartecho\ip\soc\soc.v:11293)
[EFX-0200 WARNING] Removing redundant signal : popPtr_valueNext[0]. (D:\Effinity\project\Uartecho\ip\soc\soc.v:11299)
[EFX-0200 WARNING] Removing redundant signal : src2[31]. (D:\Effinity\project\Uartecho\ip\soc\soc.v:12111)
[EFX-0200 WARNING] Removing redundant signal : src2[30]. (D:\Effinity\project\Uartecho\ip\soc\soc.v:12111)
[EFX-0200 WARNING] Removing redundant signal : src2[29]. (D:\Effinity\project\Uartecho\ip\soc\soc.v:12111)
[EFX-0200 WARNING] Removing redundant signal : src2[28]. (D:\Effinity\project\Uartecho\ip\soc\soc.v:12111)
[EFX-0200 WARNING] Removing redundant signal : src2[27]. (D:\Effinity\project\Uartecho\ip\soc\soc.v:12111)
[EFX-0200 WARNING] Removing redundant signal : src2[26]. (D:\Effinity\project\Uartecho\ip\soc\soc.v:12111)
[EFX-0200 WARNING] Removing redundant signal : src2[25]. (D:\Effinity\project\Uartecho\ip\soc\soc.v:12111)
[EFX-0200 WARNING] Removing redundant signal : src2[24]. (D:\Effinity\project\Uartecho\ip\soc\soc.v:12111)
[EFX-0200 WARNING] Removing redundant signal : src2[23]. (D:\Effinity\project\Uartecho\ip\soc\soc.v:12111)
[EFX-0200 WARNING] Removing redundant signal : src2[22]. (D:\Effinity\project\Uartecho\ip\soc\soc.v:12111)
[EFX-0200 WARNING] Removing redundant signal : src2[21]. (D:\Effinity\project\Uartecho\ip\soc\soc.v:12111)
[EFX-0200 WARNING] Removing redundant signal : src2[20]. (D:\Effinity\project\Uartecho\ip\soc\soc.v:12111)
[EFX-0200 WARNING] Removing redundant signal : src2[19]. (D:\Effinity\project\Uartecho\ip\soc\soc.v:12111)
[EFX-0200 WARNING] Removing redundant signal : src2[18]. (D:\Effinity\project\Uartecho\ip\soc\soc.v:12111)
[EFX-0200 WARNING] Removing redundant signal : src2[17]. (D:\Effinity\project\Uartecho\ip\soc\soc.v:12111)
[EFX-0200 WARNING] Removing redundant signal : src2[16]. (D:\Effinity\project\Uartecho\ip\soc\soc.v:12111)
[EFX-0200 WARNING] Removing redundant signal : src2[15]. (D:\Effinity\project\Uartecho\ip\soc\soc.v:12111)
[EFX-0200 WARNING] Removing redundant signal : src2[14]. (D:\Effinity\project\Uartecho\ip\soc\soc.v:12111)
[EFX-0266 WARNING] Module Instance 'IBusSimplePlugin_rspJoin_rspBuffer_c' input pin tied to constant (io_flush=0).
[EFX-0201 WARNING] Re-wiring to GND non-driven net 'IBusSimplePlugin_rspJoin_fetchRsp_isRvc'. (D:\Effinity\project\Uartecho\ip\soc\soc.v:5915)
[EFX-0201 WARNING] Re-wiring to GND non-driven net 'CsrPlugin_mtvec_mode[1]'. (D:\Effinity\project\Uartecho\ip\soc\soc.v:6004)
[EFX-0201 WARNING] Re-wiring to GND non-driven net 'CsrPlugin_mtvec_mode[0]'. (D:\Effinity\project\Uartecho\ip\soc\soc.v:6004)
[EFX-0266 WARNING] Module Instance 'memory_arbiter' input pin tied to constant (io_inputs_0_payload_fragment_source[0]=0).
[EFX-0266 WARNING] Module Instance 'memory_arbiter' input pin tied to constant (io_inputs_1_payload_fragment_source[0]=0).
[EFX-0266 WARNING] Module Instance 'memory_arbiter' input pin tied to constant (io_inputs_1_payload_fragment_context[0]=0).
[EFX-0266 WARNING] Module Instance 'tx' input pin tied to constant (io_cts=0).
[EFX-0266 WARNING] Module Instance 'bridge_write_streamUnbuffered_queueWithOccupancy' input pin tied to constant (io_flush=0).
[EFX-0266 WARNING] Module Instance 'system_uart_0_io_logic_uartCtrl_1_io_read_queueWithOccupancy' input pin tied to constant (io_flush=0).
[EFX-0266 WARNING] Module Instance 'mapping_cmdLogic_streamUnbuffered_queueWithAvailability' input pin tied to constant (io_flush=0).
[EFX-0266 WARNING] Module Instance 'system_spi_0_io_logic_ctrl_io_rsp_queueWithOccupancy' input pin tied to constant (io_flush=0).
[EFX-0266 WARNING] Module Instance 'system_bridge_bmb_arbiter' input pin tied to constant (io_inputs_1_cmd_payload_fragment_data[0]=0).
[EFX-0266 WARNING] Module Instance 'system_bridge_bmb_arbiter' input pin tied to constant (io_inputs_1_cmd_payload_fragment_data[1]=0).
[EFX-0266 WARNING] Module Instance 'system_bridge_bmb_arbiter' input pin tied to constant (io_inputs_1_cmd_payload_fragment_data[2]=0).
[EFX-0266 WARNING] Module Instance 'system_bridge_bmb_arbiter' input pin tied to constant (io_inputs_1_cmd_payload_fragment_data[3]=0).
[EFX-0266 WARNING] Module Instance 'system_bridge_bmb_arbiter' input pin tied to constant (io_inputs_1_cmd_payload_fragment_data[4]=0).
[EFX-0266 WARNING] Module Instance 'system_bridge_bmb_arbiter' input pin tied to constant (io_inputs_1_cmd_payload_fragment_data[5]=0).
[EFX-0266 WARNING] Module Instance 'system_bridge_bmb_arbiter' input pin tied to constant (io_inputs_1_cmd_payload_fragment_data[6]=0).
[EFX-0266 WARNING] Module Instance 'system_bridge_bmb_arbiter' input pin tied to constant (io_inputs_1_cmd_payload_fragment_data[7]=0).
[EFX-0266 WARNING] Module Instance 'system_bridge_bmb_arbiter' input pin tied to constant (io_inputs_1_cmd_payload_fragment_data[8]=0).
[EFX-0266 WARNING] Module Instance 'system_bridge_bmb_arbiter' input pin tied to constant (io_inputs_1_cmd_payload_fragment_data[9]=0).
[EFX-0266 WARNING] Module Instance 'system_bridge_bmb_arbiter' input pin tied to constant (io_inputs_1_cmd_payload_fragment_data[10]=0).
[EFX-0266 WARNING] Module Instance 'system_bridge_bmb_arbiter' input pin tied to constant (io_inputs_1_cmd_payload_fragment_data[11]=0).
[EFX-0266 WARNING] Module Instance 'system_bridge_bmb_arbiter' input pin tied to constant (io_inputs_1_cmd_payload_fragment_data[12]=0).
[EFX-0266 WARNING] Module Instance 'system_bridge_bmb_arbiter' input pin tied to constant (io_inputs_1_cmd_payload_fragment_data[13]=0).
[EFX-0266 WARNING] Module Instance 'system_bridge_bmb_arbiter' input pin tied to constant (io_inputs_1_cmd_payload_fragment_data[14]=0).
[EFX-0266 WARNING] Module Instance 'system_bridge_bmb_arbiter' input pin tied to constant (io_inputs_1_cmd_payload_fragment_data[15]=0).
[EFX-0266 WARNING] Module Instance 'system_bridge_bmb_arbiter' input pin tied to constant (io_inputs_1_cmd_payload_fragment_data[16]=0).
[EFX-0266 WARNING] Module Instance 'system_bridge_bmb_arbiter' input pin tied to constant (io_inputs_1_cmd_payload_fragment_data[17]=0).
[EFX-0266 WARNING] Module Instance 'system_bridge_bmb_arbiter' input pin tied to constant (io_inputs_1_cmd_payload_fragment_data[18]=0).
[EFX-0266 WARNING] Module Instance 'system_bridge_bmb_arbiter' input pin tied to constant (io_inputs_1_cmd_payload_fragment_data[19]=0).
[EFX-0266 WARNING] Module Instance 'system_bridge_bmb_arbiter' input pin tied to constant (io_inputs_1_cmd_payload_fragment_data[20]=0).
[EFX-0266 WARNING] Module Instance 'system_bridge_bmb_arbiter' input pin tied to constant (io_inputs_1_cmd_payload_fragment_data[21]=0).
[EFX-0266 WARNING] Module Instance 'system_bridge_bmb_arbiter' input pin tied to constant (io_inputs_1_cmd_payload_fragment_data[22]=0).
[EFX-0266 WARNING] Module Instance 'system_bridge_bmb_arbiter' input pin tied to constant (io_inputs_1_cmd_payload_fragment_data[23]=0).
[EFX-0266 WARNING] Module Instance 'system_bridge_bmb_arbiter' input pin tied to constant (io_inputs_1_cmd_payload_fragment_data[24]=0).
[EFX-0266 WARNING] Module Instance 'system_bridge_bmb_arbiter' input pin tied to constant (io_inputs_1_cmd_payload_fragment_data[25]=0).
[EFX-0266 WARNING] Module Instance 'system_bridge_bmb_arbiter' input pin tied to constant (io_inputs_1_cmd_payload_fragment_data[26]=0).
[EFX-0266 WARNING] Module Instance 'system_bridge_bmb_arbiter' input pin tied to constant (io_inputs_1_cmd_payload_fragment_data[27]=0).
[EFX-0266 WARNING] Module Instance 'system_bridge_bmb_arbiter' input pin tied to constant (io_inputs_1_cmd_payload_fragment_data[28]=0).
[EFX-0266 WARNING] Module Instance 'system_bridge_bmb_arbiter' input pin tied to constant (io_inputs_1_cmd_payload_fragment_data[29]=0).
[EFX-0266 WARNING] Module Instance 'system_bridge_bmb_arbiter' input pin tied to constant (io_inputs_1_cmd_payload_fragment_data[30]=0).
[EFX-0266 WARNING] Module Instance 'system_bridge_bmb_arbiter' input pin tied to constant (io_inputs_1_cmd_payload_fragment_data[31]=0).
[EFX-0266 WARNING] Module Instance 'system_bridge_bmb_arbiter' input pin tied to constant (io_inputs_1_cmd_payload_fragment_mask[0]=0).
[EFX-0266 WARNING] Module Instance 'system_bridge_bmb_arbiter' input pin tied to constant (io_inputs_1_cmd_payload_fragment_mask[1]=0).
[EFX-0266 WARNING] Module Instance 'system_bridge_bmb_arbiter' input pin tied to constant (io_inputs_1_cmd_payload_fragment_mask[2]=0).
[EFX-0266 WARNING] Module Instance 'system_bridge_bmb_arbiter' input pin tied to constant (io_inputs_1_cmd_payload_fragment_mask[3]=0).
[EFX-0266 WARNING] Module Instance 'system_clint_logic' input pin tied to constant (io_stop=0).
[EFX-0201 WARNING] Re-wiring to GND non-driven net 'soc_inst.jtagCtrl_update'. (D:\Effinity\project\Uartecho\top.v:64)
[EFX-0201 WARNING] Re-wiring to GND non-driven net 'soc_inst.jtagCtrl_reset'. (D:\Effinity\project\Uartecho\top.v:64)
[EFX-0201 WARNING] Re-wiring to GND non-driven net 'soc_inst.system_spi_0_io_data_2_read'. (D:\Effinity\project\Uartecho\top.v:64)
[EFX-0201 WARNING] Re-wiring to GND non-driven net 'soc_inst.system_spi_0_io_data_3_read'. (D:\Effinity\project\Uartecho\top.v:64)
[EFX-0201 WARNING] Re-wiring to GND non-driven net 'soc_inst.userInterruptA'. (D:\Effinity\project\Uartecho\top.v:64)
[EFX-0201 WARNING] Re-wiring to GND non-driven net 'soc_inst.io_apbSlave_0_PRDATA[31]'. (D:\Effinity\project\Uartecho\top.v:64)
[EFX-0201 WARNING] Re-wiring to GND non-driven net 'soc_inst.io_apbSlave_0_PRDATA[30]'. (D:\Effinity\project\Uartecho\top.v:64)

///////////////////////////////////
// Efinity Synthesis Started 
// Apr 19, 2024 13:27:58
///////////////////////////////////

[EFX-0011 VERI-WARNING] port 'userInterruptA' is not connected on this instance (VERI-2435) (D:\Effinity\project\Uartecho\top.v:94)
[EFX-0011 VERI-WARNING] port 'io_apbSlave_0_PADDR' remains unconnected for this instance (VERI-1927) (D:\Effinity\project\Uartecho\top.v:94)
[EFX-0011 VERI-WARNING] net 'IBusSimplePlugin_rspJoin_fetchRsp_isRvc' does not have a driver (VDB-1002) (D:\Effinity\project\Uartecho\ip\soc\soc.v:5915)
[EFX-0011 VERI-WARNING] net 'CsrPlugin_mtvec_mode[1]' does not have a driver (VDB-1002) (D:\Effinity\project\Uartecho\ip\soc\soc.v:6004)
[EFX-0011 VERI-WARNING] system function call 'urandom' is not supported (VERI-1141) (D:\Effinity\project\Uartecho\ip\soc\soc.v:11231)
[EFX-0011 VERI-WARNING] system function call 'urandom' is not supported (VERI-1141) (D:\Effinity\project\Uartecho\ip\soc\soc.v:11232)
[EFX-0011 VERI-WARNING] system function call 'urandom' is not supported (VERI-1141) (D:\Effinity\project\Uartecho\ip\soc\soc.v:11999)
[EFX-0011 VERI-WARNING] system function call 'urandom' is not supported (VERI-1141) (D:\Effinity\project\Uartecho\ip\soc\soc.v:12000)
[EFX-0011 VERI-WARNING] input port 'jtagCtrl_update' remains unconnected for this instance (VDB-1053) (D:\Effinity\project\Uartecho\top.v:64)
[EFX-0008 WARNING] Top module not specified. 'top_soc' is used as top module for the design.
[EFX-0200 WARNING] Removing redundant signal : pushPtr_valueNext[0]. (D:\Effinity\project\Uartecho\ip\soc\soc.v:11293)
[EFX-0200 WARNING] Removing redundant signal : popPtr_valueNext[0]. (D:\Effinity\project\Uartecho\ip\soc\soc.v:11299)
[EFX-0200 WARNING] Removing redundant signal : src2[31]. (D:\Effinity\project\Uartecho\ip\soc\soc.v:12111)
[EFX-0200 WARNING] Removing redundant signal : src2[30]. (D:\Effinity\project\Uartecho\ip\soc\soc.v:12111)
[EFX-0200 WARNING] Removing redundant signal : src2[29]. (D:\Effinity\project\Uartecho\ip\soc\soc.v:12111)
[EFX-0200 WARNING] Removing redundant signal : src2[28]. (D:\Effinity\project\Uartecho\ip\soc\soc.v:12111)
[EFX-0200 WARNING] Removing redundant signal : src2[27]. (D:\Effinity\project\Uartecho\ip\soc\soc.v:12111)
[EFX-0200 WARNING] Removing redundant signal : src2[26]. (D:\Effinity\project\Uartecho\ip\soc\soc.v:12111)
[EFX-0200 WARNING] Removing redundant signal : src2[25]. (D:\Effinity\project\Uartecho\ip\soc\soc.v:12111)
[EFX-0200 WARNING] Removing redundant signal : src2[24]. (D:\Effinity\project\Uartecho\ip\soc\soc.v:12111)
[EFX-0200 WARNING] Removing redundant signal : src2[23]. (D:\Effinity\project\Uartecho\ip\soc\soc.v:12111)
[EFX-0200 WARNING] Removing redundant signal : src2[22]. (D:\Effinity\project\Uartecho\ip\soc\soc.v:12111)
[EFX-0200 WARNING] Removing redundant signal : src2[21]. (D:\Effinity\project\Uartecho\ip\soc\soc.v:12111)
[EFX-0200 WARNING] Removing redundant signal : src2[20]. (D:\Effinity\project\Uartecho\ip\soc\soc.v:12111)
[EFX-0200 WARNING] Removing redundant signal : src2[19]. (D:\Effinity\project\Uartecho\ip\soc\soc.v:12111)
[EFX-0200 WARNING] Removing redundant signal : src2[18]. (D:\Effinity\project\Uartecho\ip\soc\soc.v:12111)
[EFX-0200 WARNING] Removing redundant signal : src2[17]. (D:\Effinity\project\Uartecho\ip\soc\soc.v:12111)
[EFX-0200 WARNING] Removing redundant signal : src2[16]. (D:\Effinity\project\Uartecho\ip\soc\soc.v:12111)
[EFX-0200 WARNING] Removing redundant signal : src2[15]. (D:\Effinity\project\Uartecho\ip\soc\soc.v:12111)
[EFX-0200 WARNING] Removing redundant signal : src2[14]. (D:\Effinity\project\Uartecho\ip\soc\soc.v:12111)
[EFX-0266 WARNING] Module Instance 'IBusSimplePlugin_rspJoin_rspBuffer_c' input pin tied to constant (io_flush=0).
[EFX-0201 WARNING] Re-wiring to GND non-driven net 'IBusSimplePlugin_rspJoin_fetchRsp_isRvc'. (D:\Effinity\project\Uartecho\ip\soc\soc.v:5915)
[EFX-0201 WARNING] Re-wiring to GND non-driven net 'CsrPlugin_mtvec_mode[1]'. (D:\Effinity\project\Uartecho\ip\soc\soc.v:6004)
[EFX-0201 WARNING] Re-wiring to GND non-driven net 'CsrPlugin_mtvec_mode[0]'. (D:\Effinity\project\Uartecho\ip\soc\soc.v:6004)
[EFX-0266 WARNING] Module Instance 'memory_arbiter' input pin tied to constant (io_inputs_0_payload_fragment_source[0]=0).
[EFX-0266 WARNING] Module Instance 'memory_arbiter' input pin tied to constant (io_inputs_1_payload_fragment_source[0]=0).
[EFX-0266 WARNING] Module Instance 'memory_arbiter' input pin tied to constant (io_inputs_1_payload_fragment_context[0]=0).
[EFX-0266 WARNING] Module Instance 'tx' input pin tied to constant (io_cts=0).
[EFX-0266 WARNING] Module Instance 'bridge_write_streamUnbuffered_queueWithOccupancy' input pin tied to constant (io_flush=0).
[EFX-0266 WARNING] Module Instance 'system_uart_0_io_logic_uartCtrl_1_io_read_queueWithOccupancy' input pin tied to constant (io_flush=0).
[EFX-0266 WARNING] Module Instance 'mapping_cmdLogic_streamUnbuffered_queueWithAvailability' input pin tied to constant (io_flush=0).
[EFX-0266 WARNING] Module Instance 'system_spi_0_io_logic_ctrl_io_rsp_queueWithOccupancy' input pin tied to constant (io_flush=0).
[EFX-0266 WARNING] Module Instance 'system_bridge_bmb_arbiter' input pin tied to constant (io_inputs_1_cmd_payload_fragment_data[0]=0).
[EFX-0266 WARNING] Module Instance 'system_bridge_bmb_arbiter' input pin tied to constant (io_inputs_1_cmd_payload_fragment_data[1]=0).
[EFX-0266 WARNING] Module Instance 'system_bridge_bmb_arbiter' input pin tied to constant (io_inputs_1_cmd_payload_fragment_data[2]=0).
[EFX-0266 WARNING] Module Instance 'system_bridge_bmb_arbiter' input pin tied to constant (io_inputs_1_cmd_payload_fragment_data[3]=0).
[EFX-0266 WARNING] Module Instance 'system_bridge_bmb_arbiter' input pin tied to constant (io_inputs_1_cmd_payload_fragment_data[4]=0).
[EFX-0266 WARNING] Module Instance 'system_bridge_bmb_arbiter' input pin tied to constant (io_inputs_1_cmd_payload_fragment_data[5]=0).
[EFX-0266 WARNING] Module Instance 'system_bridge_bmb_arbiter' input pin tied to constant (io_inputs_1_cmd_payload_fragment_data[6]=0).
[EFX-0266 WARNING] Module Instance 'system_bridge_bmb_arbiter' input pin tied to constant (io_inputs_1_cmd_payload_fragment_data[7]=0).
[EFX-0266 WARNING] Module Instance 'system_bridge_bmb_arbiter' input pin tied to constant (io_inputs_1_cmd_payload_fragment_data[8]=0).
[EFX-0266 WARNING] Module Instance 'system_bridge_bmb_arbiter' input pin tied to constant (io_inputs_1_cmd_payload_fragment_data[9]=0).
[EFX-0266 WARNING] Module Instance 'system_bridge_bmb_arbiter' input pin tied to constant (io_inputs_1_cmd_payload_fragment_data[10]=0).
[EFX-0266 WARNING] Module Instance 'system_bridge_bmb_arbiter' input pin tied to constant (io_inputs_1_cmd_payload_fragment_data[11]=0).
[EFX-0266 WARNING] Module Instance 'system_bridge_bmb_arbiter' input pin tied to constant (io_inputs_1_cmd_payload_fragment_data[12]=0).
[EFX-0266 WARNING] Module Instance 'system_bridge_bmb_arbiter' input pin tied to constant (io_inputs_1_cmd_payload_fragment_data[13]=0).
[EFX-0266 WARNING] Module Instance 'system_bridge_bmb_arbiter' input pin tied to constant (io_inputs_1_cmd_payload_fragment_data[14]=0).
[EFX-0266 WARNING] Module Instance 'system_bridge_bmb_arbiter' input pin tied to constant (io_inputs_1_cmd_payload_fragment_data[15]=0).
[EFX-0266 WARNING] Module Instance 'system_bridge_bmb_arbiter' input pin tied to constant (io_inputs_1_cmd_payload_fragment_data[16]=0).
[EFX-0266 WARNING] Module Instance 'system_bridge_bmb_arbiter' input pin tied to constant (io_inputs_1_cmd_payload_fragment_data[17]=0).
[EFX-0266 WARNING] Module Instance 'system_bridge_bmb_arbiter' input pin tied to constant (io_inputs_1_cmd_payload_fragment_data[18]=0).
[EFX-0266 WARNING] Module Instance 'system_bridge_bmb_arbiter' input pin tied to constant (io_inputs_1_cmd_payload_fragment_data[19]=0).
[EFX-0266 WARNING] Module Instance 'system_bridge_bmb_arbiter' input pin tied to constant (io_inputs_1_cmd_payload_fragment_data[20]=0).
[EFX-0266 WARNING] Module Instance 'system_bridge_bmb_arbiter' input pin tied to constant (io_inputs_1_cmd_payload_fragment_data[21]=0).
[EFX-0266 WARNING] Module Instance 'system_bridge_bmb_arbiter' input pin tied to constant (io_inputs_1_cmd_payload_fragment_data[22]=0).
[EFX-0266 WARNING] Module Instance 'system_bridge_bmb_arbiter' input pin tied to constant (io_inputs_1_cmd_payload_fragment_data[23]=0).
[EFX-0266 WARNING] Module Instance 'system_bridge_bmb_arbiter' input pin tied to constant (io_inputs_1_cmd_payload_fragment_data[24]=0).
[EFX-0266 WARNING] Module Instance 'system_bridge_bmb_arbiter' input pin tied to constant (io_inputs_1_cmd_payload_fragment_data[25]=0).
[EFX-0266 WARNING] Module Instance 'system_bridge_bmb_arbiter' input pin tied to constant (io_inputs_1_cmd_payload_fragment_data[26]=0).
[EFX-0266 WARNING] Module Instance 'system_bridge_bmb_arbiter' input pin tied to constant (io_inputs_1_cmd_payload_fragment_data[27]=0).
[EFX-0266 WARNING] Module Instance 'system_bridge_bmb_arbiter' input pin tied to constant (io_inputs_1_cmd_payload_fragment_data[28]=0).
[EFX-0266 WARNING] Module Instance 'system_bridge_bmb_arbiter' input pin tied to constant (io_inputs_1_cmd_payload_fragment_data[29]=0).
[EFX-0266 WARNING] Module Instance 'system_bridge_bmb_arbiter' input pin tied to constant (io_inputs_1_cmd_payload_fragment_data[30]=0).
[EFX-0266 WARNING] Module Instance 'system_bridge_bmb_arbiter' input pin tied to constant (io_inputs_1_cmd_payload_fragment_data[31]=0).
[EFX-0266 WARNING] Module Instance 'system_bridge_bmb_arbiter' input pin tied to constant (io_inputs_1_cmd_payload_fragment_mask[0]=0).
[EFX-0266 WARNING] Module Instance 'system_bridge_bmb_arbiter' input pin tied to constant (io_inputs_1_cmd_payload_fragment_mask[1]=0).
[EFX-0266 WARNING] Module Instance 'system_bridge_bmb_arbiter' input pin tied to constant (io_inputs_1_cmd_payload_fragment_mask[2]=0).
[EFX-0266 WARNING] Module Instance 'system_bridge_bmb_arbiter' input pin tied to constant (io_inputs_1_cmd_payload_fragment_mask[3]=0).
[EFX-0266 WARNING] Module Instance 'system_clint_logic' input pin tied to constant (io_stop=0).
[EFX-0201 WARNING] Re-wiring to GND non-driven net 'soc_inst.jtagCtrl_update'. (D:\Effinity\project\Uartecho\top.v:64)
[EFX-0201 WARNING] Re-wiring to GND non-driven net 'soc_inst.jtagCtrl_reset'. (D:\Effinity\project\Uartecho\top.v:64)
[EFX-0201 WARNING] Re-wiring to GND non-driven net 'soc_inst.system_spi_0_io_data_2_read'. (D:\Effinity\project\Uartecho\top.v:64)
[EFX-0201 WARNING] Re-wiring to GND non-driven net 'soc_inst.system_spi_0_io_data_3_read'. (D:\Effinity\project\Uartecho\top.v:64)
[EFX-0201 WARNING] Re-wiring to GND non-driven net 'soc_inst.userInterruptA'. (D:\Effinity\project\Uartecho\top.v:64)
[EFX-0201 WARNING] Re-wiring to GND non-driven net 'soc_inst.io_apbSlave_0_PRDATA[31]'. (D:\Effinity\project\Uartecho\top.v:64)
[EFX-0201 WARNING] Re-wiring to GND non-driven net 'soc_inst.io_apbSlave_0_PRDATA[30]'. (D:\Effinity\project\Uartecho\top.v:64)

///////////////////////////////////
// Efinity Synthesis Started 
// Apr 19, 2024 15:40:10
///////////////////////////////////

[EFX-0011 VERI-WARNING] port 'userInterruptA' is not connected on this instance (VERI-2435) (D:\Effinity\project\Uartecho\top.v:94)
[EFX-0011 VERI-WARNING] port 'io_apbSlave_0_PADDR' remains unconnected for this instance (VERI-1927) (D:\Effinity\project\Uartecho\top.v:94)
[EFX-0011 VERI-WARNING] net 'IBusSimplePlugin_rspJoin_fetchRsp_isRvc' does not have a driver (VDB-1002) (D:\Effinity\project\Uartecho\ip\soc\soc.v:5915)
[EFX-0011 VERI-WARNING] net 'CsrPlugin_mtvec_mode[1]' does not have a driver (VDB-1002) (D:\Effinity\project\Uartecho\ip\soc\soc.v:6004)
[EFX-0011 VERI-WARNING] system function call 'urandom' is not supported (VERI-1141) (D:\Effinity\project\Uartecho\ip\soc\soc.v:11231)
[EFX-0011 VERI-WARNING] system function call 'urandom' is not supported (VERI-1141) (D:\Effinity\project\Uartecho\ip\soc\soc.v:11232)
[EFX-0011 VERI-WARNING] system function call 'urandom' is not supported (VERI-1141) (D:\Effinity\project\Uartecho\ip\soc\soc.v:11999)
[EFX-0011 VERI-WARNING] system function call 'urandom' is not supported (VERI-1141) (D:\Effinity\project\Uartecho\ip\soc\soc.v:12000)
[EFX-0011 VERI-WARNING] input port 'jtagCtrl_update' remains unconnected for this instance (VDB-1053) (D:\Effinity\project\Uartecho\top.v:64)
[EFX-0008 WARNING] Top module not specified. 'top_soc' is used as top module for the design.
[EFX-0200 WARNING] Removing redundant signal : pushPtr_valueNext[0]. (D:\Effinity\project\Uartecho\ip\soc\soc.v:11293)
[EFX-0200 WARNING] Removing redundant signal : popPtr_valueNext[0]. (D:\Effinity\project\Uartecho\ip\soc\soc.v:11299)
[EFX-0200 WARNING] Removing redundant signal : src2[31]. (D:\Effinity\project\Uartecho\ip\soc\soc.v:12111)
[EFX-0200 WARNING] Removing redundant signal : src2[30]. (D:\Effinity\project\Uartecho\ip\soc\soc.v:12111)
[EFX-0200 WARNING] Removing redundant signal : src2[29]. (D:\Effinity\project\Uartecho\ip\soc\soc.v:12111)
[EFX-0200 WARNING] Removing redundant signal : src2[28]. (D:\Effinity\project\Uartecho\ip\soc\soc.v:12111)
[EFX-0200 WARNING] Removing redundant signal : src2[27]. (D:\Effinity\project\Uartecho\ip\soc\soc.v:12111)
[EFX-0200 WARNING] Removing redundant signal : src2[26]. (D:\Effinity\project\Uartecho\ip\soc\soc.v:12111)
[EFX-0200 WARNING] Removing redundant signal : src2[25]. (D:\Effinity\project\Uartecho\ip\soc\soc.v:12111)
[EFX-0200 WARNING] Removing redundant signal : src2[24]. (D:\Effinity\project\Uartecho\ip\soc\soc.v:12111)
[EFX-0200 WARNING] Removing redundant signal : src2[23]. (D:\Effinity\project\Uartecho\ip\soc\soc.v:12111)
[EFX-0200 WARNING] Removing redundant signal : src2[22]. (D:\Effinity\project\Uartecho\ip\soc\soc.v:12111)
[EFX-0200 WARNING] Removing redundant signal : src2[21]. (D:\Effinity\project\Uartecho\ip\soc\soc.v:12111)
[EFX-0200 WARNING] Removing redundant signal : src2[20]. (D:\Effinity\project\Uartecho\ip\soc\soc.v:12111)
[EFX-0200 WARNING] Removing redundant signal : src2[19]. (D:\Effinity\project\Uartecho\ip\soc\soc.v:12111)
[EFX-0200 WARNING] Removing redundant signal : src2[18]. (D:\Effinity\project\Uartecho\ip\soc\soc.v:12111)
[EFX-0200 WARNING] Removing redundant signal : src2[17]. (D:\Effinity\project\Uartecho\ip\soc\soc.v:12111)
[EFX-0200 WARNING] Removing redundant signal : src2[16]. (D:\Effinity\project\Uartecho\ip\soc\soc.v:12111)
[EFX-0200 WARNING] Removing redundant signal : src2[15]. (D:\Effinity\project\Uartecho\ip\soc\soc.v:12111)
[EFX-0200 WARNING] Removing redundant signal : src2[14]. (D:\Effinity\project\Uartecho\ip\soc\soc.v:12111)
[EFX-0266 WARNING] Module Instance 'IBusSimplePlugin_rspJoin_rspBuffer_c' input pin tied to constant (io_flush=0).
[EFX-0201 WARNING] Re-wiring to GND non-driven net 'IBusSimplePlugin_rspJoin_fetchRsp_isRvc'. (D:\Effinity\project\Uartecho\ip\soc\soc.v:5915)
[EFX-0201 WARNING] Re-wiring to GND non-driven net 'CsrPlugin_mtvec_mode[1]'. (D:\Effinity\project\Uartecho\ip\soc\soc.v:6004)
[EFX-0201 WARNING] Re-wiring to GND non-driven net 'CsrPlugin_mtvec_mode[0]'. (D:\Effinity\project\Uartecho\ip\soc\soc.v:6004)
[EFX-0266 WARNING] Module Instance 'memory_arbiter' input pin tied to constant (io_inputs_0_payload_fragment_source[0]=0).
[EFX-0266 WARNING] Module Instance 'memory_arbiter' input pin tied to constant (io_inputs_1_payload_fragment_source[0]=0).
[EFX-0266 WARNING] Module Instance 'memory_arbiter' input pin tied to constant (io_inputs_1_payload_fragment_context[0]=0).
[EFX-0266 WARNING] Module Instance 'tx' input pin tied to constant (io_cts=0).
[EFX-0266 WARNING] Module Instance 'bridge_write_streamUnbuffered_queueWithOccupancy' input pin tied to constant (io_flush=0).
[EFX-0266 WARNING] Module Instance 'system_uart_0_io_logic_uartCtrl_1_io_read_queueWithOccupancy' input pin tied to constant (io_flush=0).
[EFX-0266 WARNING] Module Instance 'mapping_cmdLogic_streamUnbuffered_queueWithAvailability' input pin tied to constant (io_flush=0).
[EFX-0266 WARNING] Module Instance 'system_spi_0_io_logic_ctrl_io_rsp_queueWithOccupancy' input pin tied to constant (io_flush=0).
[EFX-0266 WARNING] Module Instance 'system_bridge_bmb_arbiter' input pin tied to constant (io_inputs_1_cmd_payload_fragment_data[0]=0).
[EFX-0266 WARNING] Module Instance 'system_bridge_bmb_arbiter' input pin tied to constant (io_inputs_1_cmd_payload_fragment_data[1]=0).
[EFX-0266 WARNING] Module Instance 'system_bridge_bmb_arbiter' input pin tied to constant (io_inputs_1_cmd_payload_fragment_data[2]=0).
[EFX-0266 WARNING] Module Instance 'system_bridge_bmb_arbiter' input pin tied to constant (io_inputs_1_cmd_payload_fragment_data[3]=0).
[EFX-0266 WARNING] Module Instance 'system_bridge_bmb_arbiter' input pin tied to constant (io_inputs_1_cmd_payload_fragment_data[4]=0).
[EFX-0266 WARNING] Module Instance 'system_bridge_bmb_arbiter' input pin tied to constant (io_inputs_1_cmd_payload_fragment_data[5]=0).
[EFX-0266 WARNING] Module Instance 'system_bridge_bmb_arbiter' input pin tied to constant (io_inputs_1_cmd_payload_fragment_data[6]=0).
[EFX-0266 WARNING] Module Instance 'system_bridge_bmb_arbiter' input pin tied to constant (io_inputs_1_cmd_payload_fragment_data[7]=0).
[EFX-0266 WARNING] Module Instance 'system_bridge_bmb_arbiter' input pin tied to constant (io_inputs_1_cmd_payload_fragment_data[8]=0).
[EFX-0266 WARNING] Module Instance 'system_bridge_bmb_arbiter' input pin tied to constant (io_inputs_1_cmd_payload_fragment_data[9]=0).
[EFX-0266 WARNING] Module Instance 'system_bridge_bmb_arbiter' input pin tied to constant (io_inputs_1_cmd_payload_fragment_data[10]=0).
[EFX-0266 WARNING] Module Instance 'system_bridge_bmb_arbiter' input pin tied to constant (io_inputs_1_cmd_payload_fragment_data[11]=0).
[EFX-0266 WARNING] Module Instance 'system_bridge_bmb_arbiter' input pin tied to constant (io_inputs_1_cmd_payload_fragment_data[12]=0).
[EFX-0266 WARNING] Module Instance 'system_bridge_bmb_arbiter' input pin tied to constant (io_inputs_1_cmd_payload_fragment_data[13]=0).
[EFX-0266 WARNING] Module Instance 'system_bridge_bmb_arbiter' input pin tied to constant (io_inputs_1_cmd_payload_fragment_data[14]=0).
[EFX-0266 WARNING] Module Instance 'system_bridge_bmb_arbiter' input pin tied to constant (io_inputs_1_cmd_payload_fragment_data[15]=0).
[EFX-0266 WARNING] Module Instance 'system_bridge_bmb_arbiter' input pin tied to constant (io_inputs_1_cmd_payload_fragment_data[16]=0).
[EFX-0266 WARNING] Module Instance 'system_bridge_bmb_arbiter' input pin tied to constant (io_inputs_1_cmd_payload_fragment_data[17]=0).
[EFX-0266 WARNING] Module Instance 'system_bridge_bmb_arbiter' input pin tied to constant (io_inputs_1_cmd_payload_fragment_data[18]=0).
[EFX-0266 WARNING] Module Instance 'system_bridge_bmb_arbiter' input pin tied to constant (io_inputs_1_cmd_payload_fragment_data[19]=0).
[EFX-0266 WARNING] Module Instance 'system_bridge_bmb_arbiter' input pin tied to constant (io_inputs_1_cmd_payload_fragment_data[20]=0).
[EFX-0266 WARNING] Module Instance 'system_bridge_bmb_arbiter' input pin tied to constant (io_inputs_1_cmd_payload_fragment_data[21]=0).
[EFX-0266 WARNING] Module Instance 'system_bridge_bmb_arbiter' input pin tied to constant (io_inputs_1_cmd_payload_fragment_data[22]=0).
[EFX-0266 WARNING] Module Instance 'system_bridge_bmb_arbiter' input pin tied to constant (io_inputs_1_cmd_payload_fragment_data[23]=0).
[EFX-0266 WARNING] Module Instance 'system_bridge_bmb_arbiter' input pin tied to constant (io_inputs_1_cmd_payload_fragment_data[24]=0).
[EFX-0266 WARNING] Module Instance 'system_bridge_bmb_arbiter' input pin tied to constant (io_inputs_1_cmd_payload_fragment_data[25]=0).
[EFX-0266 WARNING] Module Instance 'system_bridge_bmb_arbiter' input pin tied to constant (io_inputs_1_cmd_payload_fragment_data[26]=0).
[EFX-0266 WARNING] Module Instance 'system_bridge_bmb_arbiter' input pin tied to constant (io_inputs_1_cmd_payload_fragment_data[27]=0).
[EFX-0266 WARNING] Module Instance 'system_bridge_bmb_arbiter' input pin tied to constant (io_inputs_1_cmd_payload_fragment_data[28]=0).
[EFX-0266 WARNING] Module Instance 'system_bridge_bmb_arbiter' input pin tied to constant (io_inputs_1_cmd_payload_fragment_data[29]=0).
[EFX-0266 WARNING] Module Instance 'system_bridge_bmb_arbiter' input pin tied to constant (io_inputs_1_cmd_payload_fragment_data[30]=0).
[EFX-0266 WARNING] Module Instance 'system_bridge_bmb_arbiter' input pin tied to constant (io_inputs_1_cmd_payload_fragment_data[31]=0).
[EFX-0266 WARNING] Module Instance 'system_bridge_bmb_arbiter' input pin tied to constant (io_inputs_1_cmd_payload_fragment_mask[0]=0).
[EFX-0266 WARNING] Module Instance 'system_bridge_bmb_arbiter' input pin tied to constant (io_inputs_1_cmd_payload_fragment_mask[1]=0).
[EFX-0266 WARNING] Module Instance 'system_bridge_bmb_arbiter' input pin tied to constant (io_inputs_1_cmd_payload_fragment_mask[2]=0).
[EFX-0266 WARNING] Module Instance 'system_bridge_bmb_arbiter' input pin tied to constant (io_inputs_1_cmd_payload_fragment_mask[3]=0).
[EFX-0266 WARNING] Module Instance 'system_clint_logic' input pin tied to constant (io_stop=0).
[EFX-0201 WARNING] Re-wiring to GND non-driven net 'soc_inst.jtagCtrl_update'. (D:\Effinity\project\Uartecho\top.v:64)
[EFX-0201 WARNING] Re-wiring to GND non-driven net 'soc_inst.jtagCtrl_reset'. (D:\Effinity\project\Uartecho\top.v:64)
[EFX-0201 WARNING] Re-wiring to GND non-driven net 'soc_inst.system_spi_0_io_data_2_read'. (D:\Effinity\project\Uartecho\top.v:64)
[EFX-0201 WARNING] Re-wiring to GND non-driven net 'soc_inst.system_spi_0_io_data_3_read'. (D:\Effinity\project\Uartecho\top.v:64)
[EFX-0201 WARNING] Re-wiring to GND non-driven net 'soc_inst.userInterruptA'. (D:\Effinity\project\Uartecho\top.v:64)
[EFX-0201 WARNING] Re-wiring to GND non-driven net 'soc_inst.io_apbSlave_0_PRDATA[31]'. (D:\Effinity\project\Uartecho\top.v:64)
[EFX-0201 WARNING] Re-wiring to GND non-driven net 'soc_inst.io_apbSlave_0_PRDATA[30]'. (D:\Effinity\project\Uartecho\top.v:64)

///////////////////////////////////
// Efinity Synthesis Started 
// Apr 19, 2024 15:55:51
///////////////////////////////////

[EFX-0011 VERI-WARNING] port 'userInterruptA' is not connected on this instance (VERI-2435) (D:\Effinity\project\Uartecho\top.v:94)
[EFX-0011 VERI-WARNING] port 'io_apbSlave_0_PADDR' remains unconnected for this instance (VERI-1927) (D:\Effinity\project\Uartecho\top.v:94)
[EFX-0011 VERI-WARNING] net 'IBusSimplePlugin_rspJoin_fetchRsp_isRvc' does not have a driver (VDB-1002) (D:\Effinity\project\Uartecho\ip\soc\soc.v:5915)
[EFX-0011 VERI-WARNING] net 'CsrPlugin_mtvec_mode[1]' does not have a driver (VDB-1002) (D:\Effinity\project\Uartecho\ip\soc\soc.v:6004)
[EFX-0011 VERI-WARNING] system function call 'urandom' is not supported (VERI-1141) (D:\Effinity\project\Uartecho\ip\soc\soc.v:11231)
[EFX-0011 VERI-WARNING] system function call 'urandom' is not supported (VERI-1141) (D:\Effinity\project\Uartecho\ip\soc\soc.v:11232)
[EFX-0011 VERI-WARNING] system function call 'urandom' is not supported (VERI-1141) (D:\Effinity\project\Uartecho\ip\soc\soc.v:11999)
[EFX-0011 VERI-WARNING] system function call 'urandom' is not supported (VERI-1141) (D:\Effinity\project\Uartecho\ip\soc\soc.v:12000)
[EFX-0011 VERI-WARNING] input port 'jtagCtrl_update' remains unconnected for this instance (VDB-1053) (D:\Effinity\project\Uartecho\top.v:64)
[EFX-0008 WARNING] Top module not specified. 'top_soc' is used as top module for the design.
[EFX-0200 WARNING] Removing redundant signal : pushPtr_valueNext[0]. (D:\Effinity\project\Uartecho\ip\soc\soc.v:11293)
[EFX-0200 WARNING] Removing redundant signal : popPtr_valueNext[0]. (D:\Effinity\project\Uartecho\ip\soc\soc.v:11299)
[EFX-0200 WARNING] Removing redundant signal : src2[31]. (D:\Effinity\project\Uartecho\ip\soc\soc.v:12111)
[EFX-0200 WARNING] Removing redundant signal : src2[30]. (D:\Effinity\project\Uartecho\ip\soc\soc.v:12111)
[EFX-0200 WARNING] Removing redundant signal : src2[29]. (D:\Effinity\project\Uartecho\ip\soc\soc.v:12111)
[EFX-0200 WARNING] Removing redundant signal : src2[28]. (D:\Effinity\project\Uartecho\ip\soc\soc.v:12111)
[EFX-0200 WARNING] Removing redundant signal : src2[27]. (D:\Effinity\project\Uartecho\ip\soc\soc.v:12111)
[EFX-0200 WARNING] Removing redundant signal : src2[26]. (D:\Effinity\project\Uartecho\ip\soc\soc.v:12111)
[EFX-0200 WARNING] Removing redundant signal : src2[25]. (D:\Effinity\project\Uartecho\ip\soc\soc.v:12111)
[EFX-0200 WARNING] Removing redundant signal : src2[24]. (D:\Effinity\project\Uartecho\ip\soc\soc.v:12111)
[EFX-0200 WARNING] Removing redundant signal : src2[23]. (D:\Effinity\project\Uartecho\ip\soc\soc.v:12111)
[EFX-0200 WARNING] Removing redundant signal : src2[22]. (D:\Effinity\project\Uartecho\ip\soc\soc.v:12111)
[EFX-0200 WARNING] Removing redundant signal : src2[21]. (D:\Effinity\project\Uartecho\ip\soc\soc.v:12111)
[EFX-0200 WARNING] Removing redundant signal : src2[20]. (D:\Effinity\project\Uartecho\ip\soc\soc.v:12111)
[EFX-0200 WARNING] Removing redundant signal : src2[19]. (D:\Effinity\project\Uartecho\ip\soc\soc.v:12111)
[EFX-0200 WARNING] Removing redundant signal : src2[18]. (D:\Effinity\project\Uartecho\ip\soc\soc.v:12111)
[EFX-0200 WARNING] Removing redundant signal : src2[17]. (D:\Effinity\project\Uartecho\ip\soc\soc.v:12111)
[EFX-0200 WARNING] Removing redundant signal : src2[16]. (D:\Effinity\project\Uartecho\ip\soc\soc.v:12111)
[EFX-0200 WARNING] Removing redundant signal : src2[15]. (D:\Effinity\project\Uartecho\ip\soc\soc.v:12111)
[EFX-0200 WARNING] Removing redundant signal : src2[14]. (D:\Effinity\project\Uartecho\ip\soc\soc.v:12111)
[EFX-0266 WARNING] Module Instance 'IBusSimplePlugin_rspJoin_rspBuffer_c' input pin tied to constant (io_flush=0).
[EFX-0201 WARNING] Re-wiring to GND non-driven net 'IBusSimplePlugin_rspJoin_fetchRsp_isRvc'. (D:\Effinity\project\Uartecho\ip\soc\soc.v:5915)
[EFX-0201 WARNING] Re-wiring to GND non-driven net 'CsrPlugin_mtvec_mode[1]'. (D:\Effinity\project\Uartecho\ip\soc\soc.v:6004)
[EFX-0201 WARNING] Re-wiring to GND non-driven net 'CsrPlugin_mtvec_mode[0]'. (D:\Effinity\project\Uartecho\ip\soc\soc.v:6004)
[EFX-0266 WARNING] Module Instance 'memory_arbiter' input pin tied to constant (io_inputs_0_payload_fragment_source[0]=0).
[EFX-0266 WARNING] Module Instance 'memory_arbiter' input pin tied to constant (io_inputs_1_payload_fragment_source[0]=0).
[EFX-0266 WARNING] Module Instance 'memory_arbiter' input pin tied to constant (io_inputs_1_payload_fragment_context[0]=0).
[EFX-0266 WARNING] Module Instance 'tx' input pin tied to constant (io_cts=0).
[EFX-0266 WARNING] Module Instance 'bridge_write_streamUnbuffered_queueWithOccupancy' input pin tied to constant (io_flush=0).
[EFX-0266 WARNING] Module Instance 'system_uart_0_io_logic_uartCtrl_1_io_read_queueWithOccupancy' input pin tied to constant (io_flush=0).
[EFX-0266 WARNING] Module Instance 'mapping_cmdLogic_streamUnbuffered_queueWithAvailability' input pin tied to constant (io_flush=0).
[EFX-0266 WARNING] Module Instance 'system_spi_0_io_logic_ctrl_io_rsp_queueWithOccupancy' input pin tied to constant (io_flush=0).
[EFX-0266 WARNING] Module Instance 'system_bridge_bmb_arbiter' input pin tied to constant (io_inputs_1_cmd_payload_fragment_data[0]=0).
[EFX-0266 WARNING] Module Instance 'system_bridge_bmb_arbiter' input pin tied to constant (io_inputs_1_cmd_payload_fragment_data[1]=0).
[EFX-0266 WARNING] Module Instance 'system_bridge_bmb_arbiter' input pin tied to constant (io_inputs_1_cmd_payload_fragment_data[2]=0).
[EFX-0266 WARNING] Module Instance 'system_bridge_bmb_arbiter' input pin tied to constant (io_inputs_1_cmd_payload_fragment_data[3]=0).
[EFX-0266 WARNING] Module Instance 'system_bridge_bmb_arbiter' input pin tied to constant (io_inputs_1_cmd_payload_fragment_data[4]=0).
[EFX-0266 WARNING] Module Instance 'system_bridge_bmb_arbiter' input pin tied to constant (io_inputs_1_cmd_payload_fragment_data[5]=0).
[EFX-0266 WARNING] Module Instance 'system_bridge_bmb_arbiter' input pin tied to constant (io_inputs_1_cmd_payload_fragment_data[6]=0).
[EFX-0266 WARNING] Module Instance 'system_bridge_bmb_arbiter' input pin tied to constant (io_inputs_1_cmd_payload_fragment_data[7]=0).
[EFX-0266 WARNING] Module Instance 'system_bridge_bmb_arbiter' input pin tied to constant (io_inputs_1_cmd_payload_fragment_data[8]=0).
[EFX-0266 WARNING] Module Instance 'system_bridge_bmb_arbiter' input pin tied to constant (io_inputs_1_cmd_payload_fragment_data[9]=0).
[EFX-0266 WARNING] Module Instance 'system_bridge_bmb_arbiter' input pin tied to constant (io_inputs_1_cmd_payload_fragment_data[10]=0).
[EFX-0266 WARNING] Module Instance 'system_bridge_bmb_arbiter' input pin tied to constant (io_inputs_1_cmd_payload_fragment_data[11]=0).
[EFX-0266 WARNING] Module Instance 'system_bridge_bmb_arbiter' input pin tied to constant (io_inputs_1_cmd_payload_fragment_data[12]=0).
[EFX-0266 WARNING] Module Instance 'system_bridge_bmb_arbiter' input pin tied to constant (io_inputs_1_cmd_payload_fragment_data[13]=0).
[EFX-0266 WARNING] Module Instance 'system_bridge_bmb_arbiter' input pin tied to constant (io_inputs_1_cmd_payload_fragment_data[14]=0).
[EFX-0266 WARNING] Module Instance 'system_bridge_bmb_arbiter' input pin tied to constant (io_inputs_1_cmd_payload_fragment_data[15]=0).
[EFX-0266 WARNING] Module Instance 'system_bridge_bmb_arbiter' input pin tied to constant (io_inputs_1_cmd_payload_fragment_data[16]=0).
[EFX-0266 WARNING] Module Instance 'system_bridge_bmb_arbiter' input pin tied to constant (io_inputs_1_cmd_payload_fragment_data[17]=0).
[EFX-0266 WARNING] Module Instance 'system_bridge_bmb_arbiter' input pin tied to constant (io_inputs_1_cmd_payload_fragment_data[18]=0).
[EFX-0266 WARNING] Module Instance 'system_bridge_bmb_arbiter' input pin tied to constant (io_inputs_1_cmd_payload_fragment_data[19]=0).
[EFX-0266 WARNING] Module Instance 'system_bridge_bmb_arbiter' input pin tied to constant (io_inputs_1_cmd_payload_fragment_data[20]=0).
[EFX-0266 WARNING] Module Instance 'system_bridge_bmb_arbiter' input pin tied to constant (io_inputs_1_cmd_payload_fragment_data[21]=0).
[EFX-0266 WARNING] Module Instance 'system_bridge_bmb_arbiter' input pin tied to constant (io_inputs_1_cmd_payload_fragment_data[22]=0).
[EFX-0266 WARNING] Module Instance 'system_bridge_bmb_arbiter' input pin tied to constant (io_inputs_1_cmd_payload_fragment_data[23]=0).
[EFX-0266 WARNING] Module Instance 'system_bridge_bmb_arbiter' input pin tied to constant (io_inputs_1_cmd_payload_fragment_data[24]=0).
[EFX-0266 WARNING] Module Instance 'system_bridge_bmb_arbiter' input pin tied to constant (io_inputs_1_cmd_payload_fragment_data[25]=0).
[EFX-0266 WARNING] Module Instance 'system_bridge_bmb_arbiter' input pin tied to constant (io_inputs_1_cmd_payload_fragment_data[26]=0).
[EFX-0266 WARNING] Module Instance 'system_bridge_bmb_arbiter' input pin tied to constant (io_inputs_1_cmd_payload_fragment_data[27]=0).
[EFX-0266 WARNING] Module Instance 'system_bridge_bmb_arbiter' input pin tied to constant (io_inputs_1_cmd_payload_fragment_data[28]=0).
[EFX-0266 WARNING] Module Instance 'system_bridge_bmb_arbiter' input pin tied to constant (io_inputs_1_cmd_payload_fragment_data[29]=0).
[EFX-0266 WARNING] Module Instance 'system_bridge_bmb_arbiter' input pin tied to constant (io_inputs_1_cmd_payload_fragment_data[30]=0).
[EFX-0266 WARNING] Module Instance 'system_bridge_bmb_arbiter' input pin tied to constant (io_inputs_1_cmd_payload_fragment_data[31]=0).
[EFX-0266 WARNING] Module Instance 'system_bridge_bmb_arbiter' input pin tied to constant (io_inputs_1_cmd_payload_fragment_mask[0]=0).
[EFX-0266 WARNING] Module Instance 'system_bridge_bmb_arbiter' input pin tied to constant (io_inputs_1_cmd_payload_fragment_mask[1]=0).
[EFX-0266 WARNING] Module Instance 'system_bridge_bmb_arbiter' input pin tied to constant (io_inputs_1_cmd_payload_fragment_mask[2]=0).
[EFX-0266 WARNING] Module Instance 'system_bridge_bmb_arbiter' input pin tied to constant (io_inputs_1_cmd_payload_fragment_mask[3]=0).
[EFX-0266 WARNING] Module Instance 'system_clint_logic' input pin tied to constant (io_stop=0).
[EFX-0201 WARNING] Re-wiring to GND non-driven net 'soc_inst.jtagCtrl_update'. (D:\Effinity\project\Uartecho\top.v:64)
[EFX-0201 WARNING] Re-wiring to GND non-driven net 'soc_inst.jtagCtrl_reset'. (D:\Effinity\project\Uartecho\top.v:64)
[EFX-0201 WARNING] Re-wiring to GND non-driven net 'soc_inst.system_spi_0_io_data_2_read'. (D:\Effinity\project\Uartecho\top.v:64)
[EFX-0201 WARNING] Re-wiring to GND non-driven net 'soc_inst.system_spi_0_io_data_3_read'. (D:\Effinity\project\Uartecho\top.v:64)
[EFX-0201 WARNING] Re-wiring to GND non-driven net 'soc_inst.userInterruptA'. (D:\Effinity\project\Uartecho\top.v:64)
[EFX-0201 WARNING] Re-wiring to GND non-driven net 'soc_inst.io_apbSlave_0_PRDATA[31]'. (D:\Effinity\project\Uartecho\top.v:64)
[EFX-0201 WARNING] Re-wiring to GND non-driven net 'soc_inst.io_apbSlave_0_PRDATA[30]'. (D:\Effinity\project\Uartecho\top.v:64)

///////////////////////////////////
// Efinity Synthesis Started 
// Apr 19, 2024 16:18:04
///////////////////////////////////

[EFX-0011 VERI-WARNING] port 'userInterruptA' is not connected on this instance (VERI-2435) (D:\Effinity\project\Uartecho\top.v:94)
[EFX-0011 VERI-WARNING] port 'io_apbSlave_0_PADDR' remains unconnected for this instance (VERI-1927) (D:\Effinity\project\Uartecho\top.v:94)
[EFX-0011 VERI-WARNING] net 'IBusSimplePlugin_rspJoin_fetchRsp_isRvc' does not have a driver (VDB-1002) (D:\Effinity\project\Uartecho\ip\soc\soc.v:5915)
[EFX-0011 VERI-WARNING] net 'CsrPlugin_mtvec_mode[1]' does not have a driver (VDB-1002) (D:\Effinity\project\Uartecho\ip\soc\soc.v:6004)
[EFX-0011 VERI-WARNING] system function call 'urandom' is not supported (VERI-1141) (D:\Effinity\project\Uartecho\ip\soc\soc.v:11231)
[EFX-0011 VERI-WARNING] system function call 'urandom' is not supported (VERI-1141) (D:\Effinity\project\Uartecho\ip\soc\soc.v:11232)
[EFX-0011 VERI-WARNING] system function call 'urandom' is not supported (VERI-1141) (D:\Effinity\project\Uartecho\ip\soc\soc.v:11999)
[EFX-0011 VERI-WARNING] system function call 'urandom' is not supported (VERI-1141) (D:\Effinity\project\Uartecho\ip\soc\soc.v:12000)
[EFX-0011 VERI-WARNING] input port 'jtagCtrl_update' remains unconnected for this instance (VDB-1053) (D:\Effinity\project\Uartecho\top.v:64)
[EFX-0008 WARNING] Top module not specified. 'top_soc' is used as top module for the design.
[EFX-0200 WARNING] Removing redundant signal : pushPtr_valueNext[0]. (D:\Effinity\project\Uartecho\ip\soc\soc.v:11293)
[EFX-0200 WARNING] Removing redundant signal : popPtr_valueNext[0]. (D:\Effinity\project\Uartecho\ip\soc\soc.v:11299)
[EFX-0200 WARNING] Removing redundant signal : src2[31]. (D:\Effinity\project\Uartecho\ip\soc\soc.v:12111)
[EFX-0200 WARNING] Removing redundant signal : src2[30]. (D:\Effinity\project\Uartecho\ip\soc\soc.v:12111)
[EFX-0200 WARNING] Removing redundant signal : src2[29]. (D:\Effinity\project\Uartecho\ip\soc\soc.v:12111)
[EFX-0200 WARNING] Removing redundant signal : src2[28]. (D:\Effinity\project\Uartecho\ip\soc\soc.v:12111)
[EFX-0200 WARNING] Removing redundant signal : src2[27]. (D:\Effinity\project\Uartecho\ip\soc\soc.v:12111)
[EFX-0200 WARNING] Removing redundant signal : src2[26]. (D:\Effinity\project\Uartecho\ip\soc\soc.v:12111)
[EFX-0200 WARNING] Removing redundant signal : src2[25]. (D:\Effinity\project\Uartecho\ip\soc\soc.v:12111)
[EFX-0200 WARNING] Removing redundant signal : src2[24]. (D:\Effinity\project\Uartecho\ip\soc\soc.v:12111)
[EFX-0200 WARNING] Removing redundant signal : src2[23]. (D:\Effinity\project\Uartecho\ip\soc\soc.v:12111)
[EFX-0200 WARNING] Removing redundant signal : src2[22]. (D:\Effinity\project\Uartecho\ip\soc\soc.v:12111)
[EFX-0200 WARNING] Removing redundant signal : src2[21]. (D:\Effinity\project\Uartecho\ip\soc\soc.v:12111)
[EFX-0200 WARNING] Removing redundant signal : src2[20]. (D:\Effinity\project\Uartecho\ip\soc\soc.v:12111)
[EFX-0200 WARNING] Removing redundant signal : src2[19]. (D:\Effinity\project\Uartecho\ip\soc\soc.v:12111)
[EFX-0200 WARNING] Removing redundant signal : src2[18]. (D:\Effinity\project\Uartecho\ip\soc\soc.v:12111)
[EFX-0200 WARNING] Removing redundant signal : src2[17]. (D:\Effinity\project\Uartecho\ip\soc\soc.v:12111)
[EFX-0200 WARNING] Removing redundant signal : src2[16]. (D:\Effinity\project\Uartecho\ip\soc\soc.v:12111)
[EFX-0200 WARNING] Removing redundant signal : src2[15]. (D:\Effinity\project\Uartecho\ip\soc\soc.v:12111)
[EFX-0200 WARNING] Removing redundant signal : src2[14]. (D:\Effinity\project\Uartecho\ip\soc\soc.v:12111)
[EFX-0266 WARNING] Module Instance 'IBusSimplePlugin_rspJoin_rspBuffer_c' input pin tied to constant (io_flush=0).
[EFX-0201 WARNING] Re-wiring to GND non-driven net 'IBusSimplePlugin_rspJoin_fetchRsp_isRvc'. (D:\Effinity\project\Uartecho\ip\soc\soc.v:5915)
[EFX-0201 WARNING] Re-wiring to GND non-driven net 'CsrPlugin_mtvec_mode[1]'. (D:\Effinity\project\Uartecho\ip\soc\soc.v:6004)
[EFX-0201 WARNING] Re-wiring to GND non-driven net 'CsrPlugin_mtvec_mode[0]'. (D:\Effinity\project\Uartecho\ip\soc\soc.v:6004)
[EFX-0266 WARNING] Module Instance 'memory_arbiter' input pin tied to constant (io_inputs_0_payload_fragment_source[0]=0).
[EFX-0266 WARNING] Module Instance 'memory_arbiter' input pin tied to constant (io_inputs_1_payload_fragment_source[0]=0).
[EFX-0266 WARNING] Module Instance 'memory_arbiter' input pin tied to constant (io_inputs_1_payload_fragment_context[0]=0).
[EFX-0266 WARNING] Module Instance 'tx' input pin tied to constant (io_cts=0).
[EFX-0266 WARNING] Module Instance 'bridge_write_streamUnbuffered_queueWithOccupancy' input pin tied to constant (io_flush=0).
[EFX-0266 WARNING] Module Instance 'system_uart_0_io_logic_uartCtrl_1_io_read_queueWithOccupancy' input pin tied to constant (io_flush=0).
[EFX-0266 WARNING] Module Instance 'mapping_cmdLogic_streamUnbuffered_queueWithAvailability' input pin tied to constant (io_flush=0).
[EFX-0266 WARNING] Module Instance 'system_spi_0_io_logic_ctrl_io_rsp_queueWithOccupancy' input pin tied to constant (io_flush=0).
[EFX-0266 WARNING] Module Instance 'system_bridge_bmb_arbiter' input pin tied to constant (io_inputs_1_cmd_payload_fragment_data[0]=0).
[EFX-0266 WARNING] Module Instance 'system_bridge_bmb_arbiter' input pin tied to constant (io_inputs_1_cmd_payload_fragment_data[1]=0).
[EFX-0266 WARNING] Module Instance 'system_bridge_bmb_arbiter' input pin tied to constant (io_inputs_1_cmd_payload_fragment_data[2]=0).
[EFX-0266 WARNING] Module Instance 'system_bridge_bmb_arbiter' input pin tied to constant (io_inputs_1_cmd_payload_fragment_data[3]=0).
[EFX-0266 WARNING] Module Instance 'system_bridge_bmb_arbiter' input pin tied to constant (io_inputs_1_cmd_payload_fragment_data[4]=0).
[EFX-0266 WARNING] Module Instance 'system_bridge_bmb_arbiter' input pin tied to constant (io_inputs_1_cmd_payload_fragment_data[5]=0).
[EFX-0266 WARNING] Module Instance 'system_bridge_bmb_arbiter' input pin tied to constant (io_inputs_1_cmd_payload_fragment_data[6]=0).
[EFX-0266 WARNING] Module Instance 'system_bridge_bmb_arbiter' input pin tied to constant (io_inputs_1_cmd_payload_fragment_data[7]=0).
[EFX-0266 WARNING] Module Instance 'system_bridge_bmb_arbiter' input pin tied to constant (io_inputs_1_cmd_payload_fragment_data[8]=0).
[EFX-0266 WARNING] Module Instance 'system_bridge_bmb_arbiter' input pin tied to constant (io_inputs_1_cmd_payload_fragment_data[9]=0).
[EFX-0266 WARNING] Module Instance 'system_bridge_bmb_arbiter' input pin tied to constant (io_inputs_1_cmd_payload_fragment_data[10]=0).
[EFX-0266 WARNING] Module Instance 'system_bridge_bmb_arbiter' input pin tied to constant (io_inputs_1_cmd_payload_fragment_data[11]=0).
[EFX-0266 WARNING] Module Instance 'system_bridge_bmb_arbiter' input pin tied to constant (io_inputs_1_cmd_payload_fragment_data[12]=0).
[EFX-0266 WARNING] Module Instance 'system_bridge_bmb_arbiter' input pin tied to constant (io_inputs_1_cmd_payload_fragment_data[13]=0).
[EFX-0266 WARNING] Module Instance 'system_bridge_bmb_arbiter' input pin tied to constant (io_inputs_1_cmd_payload_fragment_data[14]=0).
[EFX-0266 WARNING] Module Instance 'system_bridge_bmb_arbiter' input pin tied to constant (io_inputs_1_cmd_payload_fragment_data[15]=0).
[EFX-0266 WARNING] Module Instance 'system_bridge_bmb_arbiter' input pin tied to constant (io_inputs_1_cmd_payload_fragment_data[16]=0).
[EFX-0266 WARNING] Module Instance 'system_bridge_bmb_arbiter' input pin tied to constant (io_inputs_1_cmd_payload_fragment_data[17]=0).
[EFX-0266 WARNING] Module Instance 'system_bridge_bmb_arbiter' input pin tied to constant (io_inputs_1_cmd_payload_fragment_data[18]=0).
[EFX-0266 WARNING] Module Instance 'system_bridge_bmb_arbiter' input pin tied to constant (io_inputs_1_cmd_payload_fragment_data[19]=0).
[EFX-0266 WARNING] Module Instance 'system_bridge_bmb_arbiter' input pin tied to constant (io_inputs_1_cmd_payload_fragment_data[20]=0).
[EFX-0266 WARNING] Module Instance 'system_bridge_bmb_arbiter' input pin tied to constant (io_inputs_1_cmd_payload_fragment_data[21]=0).
[EFX-0266 WARNING] Module Instance 'system_bridge_bmb_arbiter' input pin tied to constant (io_inputs_1_cmd_payload_fragment_data[22]=0).
[EFX-0266 WARNING] Module Instance 'system_bridge_bmb_arbiter' input pin tied to constant (io_inputs_1_cmd_payload_fragment_data[23]=0).
[EFX-0266 WARNING] Module Instance 'system_bridge_bmb_arbiter' input pin tied to constant (io_inputs_1_cmd_payload_fragment_data[24]=0).
[EFX-0266 WARNING] Module Instance 'system_bridge_bmb_arbiter' input pin tied to constant (io_inputs_1_cmd_payload_fragment_data[25]=0).
[EFX-0266 WARNING] Module Instance 'system_bridge_bmb_arbiter' input pin tied to constant (io_inputs_1_cmd_payload_fragment_data[26]=0).
[EFX-0266 WARNING] Module Instance 'system_bridge_bmb_arbiter' input pin tied to constant (io_inputs_1_cmd_payload_fragment_data[27]=0).
[EFX-0266 WARNING] Module Instance 'system_bridge_bmb_arbiter' input pin tied to constant (io_inputs_1_cmd_payload_fragment_data[28]=0).
[EFX-0266 WARNING] Module Instance 'system_bridge_bmb_arbiter' input pin tied to constant (io_inputs_1_cmd_payload_fragment_data[29]=0).
[EFX-0266 WARNING] Module Instance 'system_bridge_bmb_arbiter' input pin tied to constant (io_inputs_1_cmd_payload_fragment_data[30]=0).
[EFX-0266 WARNING] Module Instance 'system_bridge_bmb_arbiter' input pin tied to constant (io_inputs_1_cmd_payload_fragment_data[31]=0).
[EFX-0266 WARNING] Module Instance 'system_bridge_bmb_arbiter' input pin tied to constant (io_inputs_1_cmd_payload_fragment_mask[0]=0).
[EFX-0266 WARNING] Module Instance 'system_bridge_bmb_arbiter' input pin tied to constant (io_inputs_1_cmd_payload_fragment_mask[1]=0).
[EFX-0266 WARNING] Module Instance 'system_bridge_bmb_arbiter' input pin tied to constant (io_inputs_1_cmd_payload_fragment_mask[2]=0).
[EFX-0266 WARNING] Module Instance 'system_bridge_bmb_arbiter' input pin tied to constant (io_inputs_1_cmd_payload_fragment_mask[3]=0).
[EFX-0266 WARNING] Module Instance 'system_clint_logic' input pin tied to constant (io_stop=0).
[EFX-0201 WARNING] Re-wiring to GND non-driven net 'soc_inst.jtagCtrl_update'. (D:\Effinity\project\Uartecho\top.v:64)
[EFX-0201 WARNING] Re-wiring to GND non-driven net 'soc_inst.jtagCtrl_reset'. (D:\Effinity\project\Uartecho\top.v:64)
[EFX-0201 WARNING] Re-wiring to GND non-driven net 'soc_inst.system_spi_0_io_data_2_read'. (D:\Effinity\project\Uartecho\top.v:64)
[EFX-0201 WARNING] Re-wiring to GND non-driven net 'soc_inst.system_spi_0_io_data_3_read'. (D:\Effinity\project\Uartecho\top.v:64)
[EFX-0201 WARNING] Re-wiring to GND non-driven net 'soc_inst.userInterruptA'. (D:\Effinity\project\Uartecho\top.v:64)
[EFX-0201 WARNING] Re-wiring to GND non-driven net 'soc_inst.io_apbSlave_0_PRDATA[31]'. (D:\Effinity\project\Uartecho\top.v:64)
[EFX-0201 WARNING] Re-wiring to GND non-driven net 'soc_inst.io_apbSlave_0_PRDATA[30]'. (D:\Effinity\project\Uartecho\top.v:64)

///////////////////////////////////
// Efinity Synthesis Started 
// Apr 21, 2024 19:00:13
///////////////////////////////////

[EFX-0011 VERI-WARNING] port 'userInterruptA' is not connected on this instance (VERI-2435) (D:\Effinity\project\Uartecho\top.v:94)
[EFX-0011 VERI-WARNING] port 'io_apbSlave_0_PADDR' remains unconnected for this instance (VERI-1927) (D:\Effinity\project\Uartecho\top.v:94)
[EFX-0011 VERI-WARNING] net 'IBusSimplePlugin_rspJoin_fetchRsp_isRvc' does not have a driver (VDB-1002) (D:\Effinity\project\Uartecho\ip\soc\soc.v:5915)
[EFX-0011 VERI-WARNING] net 'CsrPlugin_mtvec_mode[1]' does not have a driver (VDB-1002) (D:\Effinity\project\Uartecho\ip\soc\soc.v:6004)
[EFX-0011 VERI-WARNING] system function call 'urandom' is not supported (VERI-1141) (D:\Effinity\project\Uartecho\ip\soc\soc.v:11231)
[EFX-0011 VERI-WARNING] system function call 'urandom' is not supported (VERI-1141) (D:\Effinity\project\Uartecho\ip\soc\soc.v:11232)
[EFX-0011 VERI-WARNING] system function call 'urandom' is not supported (VERI-1141) (D:\Effinity\project\Uartecho\ip\soc\soc.v:11999)
[EFX-0011 VERI-WARNING] system function call 'urandom' is not supported (VERI-1141) (D:\Effinity\project\Uartecho\ip\soc\soc.v:12000)
[EFX-0011 VERI-WARNING] input port 'jtagCtrl_update' remains unconnected for this instance (VDB-1053) (D:\Effinity\project\Uartecho\top.v:64)
[EFX-0008 WARNING] Top module not specified. 'top_soc' is used as top module for the design.
[EFX-0200 WARNING] Removing redundant signal : pushPtr_valueNext[0]. (D:\Effinity\project\Uartecho\ip\soc\soc.v:11293)
[EFX-0200 WARNING] Removing redundant signal : popPtr_valueNext[0]. (D:\Effinity\project\Uartecho\ip\soc\soc.v:11299)
[EFX-0200 WARNING] Removing redundant signal : src2[31]. (D:\Effinity\project\Uartecho\ip\soc\soc.v:12111)
[EFX-0200 WARNING] Removing redundant signal : src2[30]. (D:\Effinity\project\Uartecho\ip\soc\soc.v:12111)
[EFX-0200 WARNING] Removing redundant signal : src2[29]. (D:\Effinity\project\Uartecho\ip\soc\soc.v:12111)
[EFX-0200 WARNING] Removing redundant signal : src2[28]. (D:\Effinity\project\Uartecho\ip\soc\soc.v:12111)
[EFX-0200 WARNING] Removing redundant signal : src2[27]. (D:\Effinity\project\Uartecho\ip\soc\soc.v:12111)
[EFX-0200 WARNING] Removing redundant signal : src2[26]. (D:\Effinity\project\Uartecho\ip\soc\soc.v:12111)
[EFX-0200 WARNING] Removing redundant signal : src2[25]. (D:\Effinity\project\Uartecho\ip\soc\soc.v:12111)
[EFX-0200 WARNING] Removing redundant signal : src2[24]. (D:\Effinity\project\Uartecho\ip\soc\soc.v:12111)
[EFX-0200 WARNING] Removing redundant signal : src2[23]. (D:\Effinity\project\Uartecho\ip\soc\soc.v:12111)
[EFX-0200 WARNING] Removing redundant signal : src2[22]. (D:\Effinity\project\Uartecho\ip\soc\soc.v:12111)
[EFX-0200 WARNING] Removing redundant signal : src2[21]. (D:\Effinity\project\Uartecho\ip\soc\soc.v:12111)
[EFX-0200 WARNING] Removing redundant signal : src2[20]. (D:\Effinity\project\Uartecho\ip\soc\soc.v:12111)
[EFX-0200 WARNING] Removing redundant signal : src2[19]. (D:\Effinity\project\Uartecho\ip\soc\soc.v:12111)
[EFX-0200 WARNING] Removing redundant signal : src2[18]. (D:\Effinity\project\Uartecho\ip\soc\soc.v:12111)
[EFX-0200 WARNING] Removing redundant signal : src2[17]. (D:\Effinity\project\Uartecho\ip\soc\soc.v:12111)
[EFX-0200 WARNING] Removing redundant signal : src2[16]. (D:\Effinity\project\Uartecho\ip\soc\soc.v:12111)
[EFX-0200 WARNING] Removing redundant signal : src2[15]. (D:\Effinity\project\Uartecho\ip\soc\soc.v:12111)
[EFX-0200 WARNING] Removing redundant signal : src2[14]. (D:\Effinity\project\Uartecho\ip\soc\soc.v:12111)
[EFX-0266 WARNING] Module Instance 'IBusSimplePlugin_rspJoin_rspBuffer_c' input pin tied to constant (io_flush=0).
[EFX-0201 WARNING] Re-wiring to GND non-driven net 'IBusSimplePlugin_rspJoin_fetchRsp_isRvc'. (D:\Effinity\project\Uartecho\ip\soc\soc.v:5915)
[EFX-0201 WARNING] Re-wiring to GND non-driven net 'CsrPlugin_mtvec_mode[1]'. (D:\Effinity\project\Uartecho\ip\soc\soc.v:6004)
[EFX-0201 WARNING] Re-wiring to GND non-driven net 'CsrPlugin_mtvec_mode[0]'. (D:\Effinity\project\Uartecho\ip\soc\soc.v:6004)
[EFX-0266 WARNING] Module Instance 'memory_arbiter' input pin tied to constant (io_inputs_0_payload_fragment_source[0]=0).
[EFX-0266 WARNING] Module Instance 'memory_arbiter' input pin tied to constant (io_inputs_1_payload_fragment_source[0]=0).
[EFX-0266 WARNING] Module Instance 'memory_arbiter' input pin tied to constant (io_inputs_1_payload_fragment_context[0]=0).
[EFX-0266 WARNING] Module Instance 'tx' input pin tied to constant (io_cts=0).
[EFX-0266 WARNING] Module Instance 'bridge_write_streamUnbuffered_queueWithOccupancy' input pin tied to constant (io_flush=0).
[EFX-0266 WARNING] Module Instance 'system_uart_0_io_logic_uartCtrl_1_io_read_queueWithOccupancy' input pin tied to constant (io_flush=0).
[EFX-0266 WARNING] Module Instance 'mapping_cmdLogic_streamUnbuffered_queueWithAvailability' input pin tied to constant (io_flush=0).
[EFX-0266 WARNING] Module Instance 'system_spi_0_io_logic_ctrl_io_rsp_queueWithOccupancy' input pin tied to constant (io_flush=0).
[EFX-0266 WARNING] Module Instance 'system_bridge_bmb_arbiter' input pin tied to constant (io_inputs_1_cmd_payload_fragment_data[0]=0).
[EFX-0266 WARNING] Module Instance 'system_bridge_bmb_arbiter' input pin tied to constant (io_inputs_1_cmd_payload_fragment_data[1]=0).
[EFX-0266 WARNING] Module Instance 'system_bridge_bmb_arbiter' input pin tied to constant (io_inputs_1_cmd_payload_fragment_data[2]=0).
[EFX-0266 WARNING] Module Instance 'system_bridge_bmb_arbiter' input pin tied to constant (io_inputs_1_cmd_payload_fragment_data[3]=0).
[EFX-0266 WARNING] Module Instance 'system_bridge_bmb_arbiter' input pin tied to constant (io_inputs_1_cmd_payload_fragment_data[4]=0).
[EFX-0266 WARNING] Module Instance 'system_bridge_bmb_arbiter' input pin tied to constant (io_inputs_1_cmd_payload_fragment_data[5]=0).
[EFX-0266 WARNING] Module Instance 'system_bridge_bmb_arbiter' input pin tied to constant (io_inputs_1_cmd_payload_fragment_data[6]=0).
[EFX-0266 WARNING] Module Instance 'system_bridge_bmb_arbiter' input pin tied to constant (io_inputs_1_cmd_payload_fragment_data[7]=0).
[EFX-0266 WARNING] Module Instance 'system_bridge_bmb_arbiter' input pin tied to constant (io_inputs_1_cmd_payload_fragment_data[8]=0).
[EFX-0266 WARNING] Module Instance 'system_bridge_bmb_arbiter' input pin tied to constant (io_inputs_1_cmd_payload_fragment_data[9]=0).
[EFX-0266 WARNING] Module Instance 'system_bridge_bmb_arbiter' input pin tied to constant (io_inputs_1_cmd_payload_fragment_data[10]=0).
[EFX-0266 WARNING] Module Instance 'system_bridge_bmb_arbiter' input pin tied to constant (io_inputs_1_cmd_payload_fragment_data[11]=0).
[EFX-0266 WARNING] Module Instance 'system_bridge_bmb_arbiter' input pin tied to constant (io_inputs_1_cmd_payload_fragment_data[12]=0).
[EFX-0266 WARNING] Module Instance 'system_bridge_bmb_arbiter' input pin tied to constant (io_inputs_1_cmd_payload_fragment_data[13]=0).
[EFX-0266 WARNING] Module Instance 'system_bridge_bmb_arbiter' input pin tied to constant (io_inputs_1_cmd_payload_fragment_data[14]=0).
[EFX-0266 WARNING] Module Instance 'system_bridge_bmb_arbiter' input pin tied to constant (io_inputs_1_cmd_payload_fragment_data[15]=0).
[EFX-0266 WARNING] Module Instance 'system_bridge_bmb_arbiter' input pin tied to constant (io_inputs_1_cmd_payload_fragment_data[16]=0).
[EFX-0266 WARNING] Module Instance 'system_bridge_bmb_arbiter' input pin tied to constant (io_inputs_1_cmd_payload_fragment_data[17]=0).
[EFX-0266 WARNING] Module Instance 'system_bridge_bmb_arbiter' input pin tied to constant (io_inputs_1_cmd_payload_fragment_data[18]=0).
[EFX-0266 WARNING] Module Instance 'system_bridge_bmb_arbiter' input pin tied to constant (io_inputs_1_cmd_payload_fragment_data[19]=0).
[EFX-0266 WARNING] Module Instance 'system_bridge_bmb_arbiter' input pin tied to constant (io_inputs_1_cmd_payload_fragment_data[20]=0).
[EFX-0266 WARNING] Module Instance 'system_bridge_bmb_arbiter' input pin tied to constant (io_inputs_1_cmd_payload_fragment_data[21]=0).
[EFX-0266 WARNING] Module Instance 'system_bridge_bmb_arbiter' input pin tied to constant (io_inputs_1_cmd_payload_fragment_data[22]=0).
[EFX-0266 WARNING] Module Instance 'system_bridge_bmb_arbiter' input pin tied to constant (io_inputs_1_cmd_payload_fragment_data[23]=0).
[EFX-0266 WARNING] Module Instance 'system_bridge_bmb_arbiter' input pin tied to constant (io_inputs_1_cmd_payload_fragment_data[24]=0).
[EFX-0266 WARNING] Module Instance 'system_bridge_bmb_arbiter' input pin tied to constant (io_inputs_1_cmd_payload_fragment_data[25]=0).
[EFX-0266 WARNING] Module Instance 'system_bridge_bmb_arbiter' input pin tied to constant (io_inputs_1_cmd_payload_fragment_data[26]=0).
[EFX-0266 WARNING] Module Instance 'system_bridge_bmb_arbiter' input pin tied to constant (io_inputs_1_cmd_payload_fragment_data[27]=0).
[EFX-0266 WARNING] Module Instance 'system_bridge_bmb_arbiter' input pin tied to constant (io_inputs_1_cmd_payload_fragment_data[28]=0).
[EFX-0266 WARNING] Module Instance 'system_bridge_bmb_arbiter' input pin tied to constant (io_inputs_1_cmd_payload_fragment_data[29]=0).
[EFX-0266 WARNING] Module Instance 'system_bridge_bmb_arbiter' input pin tied to constant (io_inputs_1_cmd_payload_fragment_data[30]=0).
[EFX-0266 WARNING] Module Instance 'system_bridge_bmb_arbiter' input pin tied to constant (io_inputs_1_cmd_payload_fragment_data[31]=0).
[EFX-0266 WARNING] Module Instance 'system_bridge_bmb_arbiter' input pin tied to constant (io_inputs_1_cmd_payload_fragment_mask[0]=0).
[EFX-0266 WARNING] Module Instance 'system_bridge_bmb_arbiter' input pin tied to constant (io_inputs_1_cmd_payload_fragment_mask[1]=0).
[EFX-0266 WARNING] Module Instance 'system_bridge_bmb_arbiter' input pin tied to constant (io_inputs_1_cmd_payload_fragment_mask[2]=0).
[EFX-0266 WARNING] Module Instance 'system_bridge_bmb_arbiter' input pin tied to constant (io_inputs_1_cmd_payload_fragment_mask[3]=0).
[EFX-0266 WARNING] Module Instance 'system_clint_logic' input pin tied to constant (io_stop=0).
[EFX-0201 WARNING] Re-wiring to GND non-driven net 'soc_inst.jtagCtrl_update'. (D:\Effinity\project\Uartecho\top.v:64)
[EFX-0201 WARNING] Re-wiring to GND non-driven net 'soc_inst.jtagCtrl_reset'. (D:\Effinity\project\Uartecho\top.v:64)
[EFX-0201 WARNING] Re-wiring to GND non-driven net 'soc_inst.system_spi_0_io_data_2_read'. (D:\Effinity\project\Uartecho\top.v:64)
[EFX-0201 WARNING] Re-wiring to GND non-driven net 'soc_inst.system_spi_0_io_data_3_read'. (D:\Effinity\project\Uartecho\top.v:64)
[EFX-0201 WARNING] Re-wiring to GND non-driven net 'soc_inst.userInterruptA'. (D:\Effinity\project\Uartecho\top.v:64)
[EFX-0201 WARNING] Re-wiring to GND non-driven net 'soc_inst.io_apbSlave_0_PRDATA[31]'. (D:\Effinity\project\Uartecho\top.v:64)
[EFX-0201 WARNING] Re-wiring to GND non-driven net 'soc_inst.io_apbSlave_0_PRDATA[30]'. (D:\Effinity\project\Uartecho\top.v:64)
